Flow report for 2018510033_osman_taha_gunes_DEUNIAC
Sun Jun 27 21:42:07 2021
Quartus II 64-Bit Version 13.0.1 Build 232 06/12/2013 Service Pack 1 SJ Web Edition


---------------------
; Table of Contents ;
---------------------
  1. Legal Notice
  2. Flow Summary
  3. Flow Settings
  4. Flow Non-Default Global Settings
  5. Flow Elapsed Time
  6. Flow OS Summary
  7. Flow Log
  8. Flow Messages
  9. Flow Suppressed Messages



----------------
; Legal Notice ;
----------------
Copyright (C) 1991-2013 Altera Corporation
Your use of Altera Corporation's design tools, logic functions 
and other software and tools, and its AMPP partner logic 
functions, and any output files from any of the foregoing 
(including device programming or simulation files), and any 
associated documentation or information are expressly subject 
to the terms and conditions of the Altera Program License 
Subscription Agreement, Altera MegaCore Function License 
Agreement, or other applicable license agreement, including, 
without limitation, that your use is for the sole purpose of 
programming logic devices manufactured by Altera and sold by 
Altera or its authorized distributors.  Please refer to the 
applicable agreement for further details.



+--------------------------------------------------------------------------------------+
; Flow Summary                                                                         ;
+------------------------------------+-------------------------------------------------+
; Flow Status                        ; Successful - Sun Jun 27 21:42:07 2021           ;
; Quartus II 64-Bit Version          ; 13.0.1 Build 232 06/12/2013 SP 1 SJ Web Edition ;
; Revision Name                      ; 2018510033_osman_taha_gunes_DEUNIAC             ;
; Top-level Entity Name              ; 2018510033_osman_taha_gunes_newBUS              ;
; Family                             ; Cyclone III                                     ;
; Device                             ; EP3C16F484C6                                    ;
; Timing Models                      ; Final                                           ;
; Total logic elements               ; 104 / 15,408 ( < 1 % )                          ;
;     Total combinational functions  ; 99 / 15,408 ( < 1 % )                           ;
;     Dedicated logic registers      ; 24 / 15,408 ( < 1 % )                           ;
; Total registers                    ; 24                                              ;
; Total pins                         ; 47 / 347 ( 14 % )                               ;
; Total virtual pins                 ; 0                                               ;
; Total memory bits                  ; 64 / 516,096 ( < 1 % )                          ;
; Embedded Multiplier 9-bit elements ; 0 / 112 ( 0 % )                                 ;
; Total PLLs                         ; 0 / 4 ( 0 % )                                   ;
+------------------------------------+-------------------------------------------------+


+---------------------------------------------------------+
; Flow Settings                                           ;
+-------------------+-------------------------------------+
; Option            ; Setting                             ;
+-------------------+-------------------------------------+
; Start date & time ; 06/08/2021 01:18:26                 ;
; Main task         ; Compilation                         ;
; Revision Name     ; 2018510033_osman_taha_gunes_DEUNIAC ;
+-------------------+-------------------------------------+


+------------------------------------------------------------------------------------------------------------------------------------------------------------------+
; Flow Non-Default Global Settings                                                                                                                                 ;
+-------------------------------------+------------------------------------+-------------------------------------+------------------------------------+------------+
; Assignment Name                     ; Value                              ; Default Value                       ; Entity Name                        ; Section Id ;
+-------------------------------------+------------------------------------+-------------------------------------+------------------------------------+------------+
; COMPILER_SIGNATURE_ID               ; 13842256255573.162310430608588     ; --                                  ; --                                 ; --         ;
; IP_TOOL_NAME                        ; LPM_COUNTER                        ; --                                  ; --                                 ; --         ;
; IP_TOOL_NAME                        ; LPM_COUNTER                        ; --                                  ; --                                 ; --         ;
; IP_TOOL_NAME                        ; LPM_DECODE                         ; --                                  ; --                                 ; --         ;
; IP_TOOL_NAME                        ; LPM_COUNTER                        ; --                                  ; --                                 ; --         ;
; IP_TOOL_NAME                        ; ROM: 1-PORT                        ; --                                  ; --                                 ; --         ;
; IP_TOOL_NAME                        ; LPM_COUNTER                        ; --                                  ; --                                 ; --         ;
; IP_TOOL_NAME                        ; RAM: 1-PORT                        ; --                                  ; --                                 ; --         ;
; IP_TOOL_NAME                        ; LPM_MUX                            ; --                                  ; --                                 ; --         ;
; IP_TOOL_NAME                        ; LPM_DECODE                         ; --                                  ; --                                 ; --         ;
; IP_TOOL_NAME                        ; LPM_DECODE                         ; --                                  ; --                                 ; --         ;
; IP_TOOL_VERSION                     ; 13.0                               ; --                                  ; --                                 ; --         ;
; IP_TOOL_VERSION                     ; 13.0                               ; --                                  ; --                                 ; --         ;
; IP_TOOL_VERSION                     ; 13.0                               ; --                                  ; --                                 ; --         ;
; IP_TOOL_VERSION                     ; 13.0                               ; --                                  ; --                                 ; --         ;
; IP_TOOL_VERSION                     ; 13.0                               ; --                                  ; --                                 ; --         ;
; IP_TOOL_VERSION                     ; 13.0                               ; --                                  ; --                                 ; --         ;
; IP_TOOL_VERSION                     ; 13.0                               ; --                                  ; --                                 ; --         ;
; IP_TOOL_VERSION                     ; 13.0                               ; --                                  ; --                                 ; --         ;
; IP_TOOL_VERSION                     ; 13.0                               ; --                                  ; --                                 ; --         ;
; IP_TOOL_VERSION                     ; 13.0                               ; --                                  ; --                                 ; --         ;
; MAX_CORE_JUNCTION_TEMP              ; 85                                 ; --                                  ; --                                 ; --         ;
; MIN_CORE_JUNCTION_TEMP              ; 0                                  ; --                                  ; --                                 ; --         ;
; MISC_FILE                           ; program_counter.tdf                ; --                                  ; --                                 ; --         ;
; MISC_FILE                           ; program_counter.bsf                ; --                                  ; --                                 ; --         ;
; MISC_FILE                           ; program_counter.inc                ; --                                  ; --                                 ; --         ;
; MISC_FILE                           ; inst_reg.tdf                       ; --                                  ; --                                 ; --         ;
; MISC_FILE                           ; inst_reg.bsf                       ; --                                  ; --                                 ; --         ;
; MISC_FILE                           ; inst_reg.inc                       ; --                                  ; --                                 ; --         ;
; MISC_FILE                           ; q_dec.bsf                          ; --                                  ; --                                 ; --         ;
; MISC_FILE                           ; q_dec.cmp                          ; --                                  ; --                                 ; --         ;
; MISC_FILE                           ; seq_count.tdf                      ; --                                  ; --                                 ; --         ;
; MISC_FILE                           ; seq_count.bsf                      ; --                                  ; --                                 ; --         ;
; MISC_FILE                           ; seq_count.inc                      ; --                                  ; --                                 ; --         ;
; MISC_FILE                           ; memory_inst.tdf                    ; --                                  ; --                                 ; --         ;
; MISC_FILE                           ; memory_inst.bsf                    ; --                                  ; --                                 ; --         ;
; MISC_FILE                           ; memory_inst.inc                    ; --                                  ; --                                 ; --         ;
; MISC_FILE                           ; STK_pointer.tdf                    ; --                                  ; --                                 ; --         ;
; MISC_FILE                           ; STK_pointer.bsf                    ; --                                  ; --                                 ; --         ;
; MISC_FILE                           ; STK_pointer.inc                    ; --                                  ; --                                 ; --         ;
; MISC_FILE                           ; stack_mem.tdf                      ; --                                  ; --                                 ; --         ;
; MISC_FILE                           ; stack_mem.bsf                      ; --                                  ; --                                 ; --         ;
; MISC_FILE                           ; stack_mem.inc                      ; --                                  ; --                                 ; --         ;
; MISC_FILE                           ; STKmux.tdf                         ; --                                  ; --                                 ; --         ;
; MISC_FILE                           ; STKmux.bsf                         ; --                                  ; --                                 ; --         ;
; MISC_FILE                           ; STKmux.inc                         ; --                                  ; --                                 ; --         ;
; MISC_FILE                           ; instDec.tdf                        ; --                                  ; --                                 ; --         ;
; MISC_FILE                           ; instDec.bsf                        ; --                                  ; --                                 ; --         ;
; MISC_FILE                           ; instDec.inc                        ; --                                  ; --                                 ; --         ;
; MISC_FILE                           ; SCdec.tdf                          ; --                                  ; --                                 ; --         ;
; MISC_FILE                           ; SCdec.bsf                          ; --                                  ; --                                 ; --         ;
; MISC_FILE                           ; SCdec.inc                          ; --                                  ; --                                 ; --         ;
; NOMINAL_CORE_SUPPLY_VOLTAGE         ; 1.2V                               ; --                                  ; --                                 ; --         ;
; PARTITION_COLOR                     ; 16764057                           ; --                                  ; 2018510033_osman_taha_gunes_newBUS ; Top        ;
; PARTITION_FITTER_PRESERVATION_LEVEL ; PLACEMENT_AND_ROUTING              ; --                                  ; 2018510033_osman_taha_gunes_newBUS ; Top        ;
; PARTITION_NETLIST_TYPE              ; SOURCE                             ; --                                  ; 2018510033_osman_taha_gunes_newBUS ; Top        ;
; PROJECT_OUTPUT_DIRECTORY            ; output_files                       ; --                                  ; --                                 ; --         ;
; TOP_LEVEL_ENTITY                    ; 2018510033_osman_taha_gunes_newBUS ; 2018510033_osman_taha_gunes_DEUNIAC ; --                                 ; --         ;
+-------------------------------------+------------------------------------+-------------------------------------+------------------------------------+------------+


+-------------------------------------------------------------------------------------------------------------------------------+
; Flow Elapsed Time                                                                                                             ;
+---------------------------+--------------+-------------------------+---------------------+------------------------------------+
; Module Name               ; Elapsed Time ; Average Processors Used ; Peak Virtual Memory ; Total CPU Time (on all processors) ;
+---------------------------+--------------+-------------------------+---------------------+------------------------------------+
; Analysis & Synthesis      ; 00:00:04     ; 1.0                     ; 4652 MB             ; 00:00:04                           ;
; Fitter                    ; 00:00:07     ; 1.0                     ; 4909 MB             ; 00:00:06                           ;
; Assembler                 ; 00:00:01     ; 1.0                     ; 4544 MB             ; 00:00:01                           ;
; TimeQuest Timing Analyzer ; 00:00:02     ; 1.0                     ; 4588 MB             ; 00:00:02                           ;
; EDA Netlist Writer        ; 00:00:01     ; 1.0                     ; 4505 MB             ; 00:00:01                           ;
; Total                     ; 00:00:15     ; --                      ; --                  ; 00:00:14                           ;
+---------------------------+--------------+-------------------------+---------------------+------------------------------------+


+----------------------------------------------------------------------------------------+
; Flow OS Summary                                                                        ;
+---------------------------+------------------+-----------+------------+----------------+
; Module Name               ; Machine Hostname ; OS Name   ; OS Version ; Processor type ;
+---------------------------+------------------+-----------+------------+----------------+
; Analysis & Synthesis      ; LAPTOP-N0756RDG  ; Windows 7 ; 6.2        ; x86_64         ;
; Fitter                    ; LAPTOP-N0756RDG  ; Windows 7 ; 6.2        ; x86_64         ;
; Assembler                 ; LAPTOP-N0756RDG  ; Windows 7 ; 6.2        ; x86_64         ;
; TimeQuest Timing Analyzer ; LAPTOP-N0756RDG  ; Windows 7 ; 6.2        ; x86_64         ;
; EDA Netlist Writer        ; LAPTOP-N0756RDG  ; Windows 7 ; 6.2        ; x86_64         ;
+---------------------------+------------------+-----------+------------+----------------+


------------
; Flow Log ;
------------
quartus_map --read_settings_files=on --write_settings_files=off 2018510033_osman_taha_gunes_DEUNIAC -c 2018510033_osman_taha_gunes_DEUNIAC
quartus_fit --read_settings_files=off --write_settings_files=off 2018510033_osman_taha_gunes_DEUNIAC -c 2018510033_osman_taha_gunes_DEUNIAC
quartus_asm --read_settings_files=off --write_settings_files=off 2018510033_osman_taha_gunes_DEUNIAC -c 2018510033_osman_taha_gunes_DEUNIAC
quartus_sta 2018510033_osman_taha_gunes_DEUNIAC -c 2018510033_osman_taha_gunes_DEUNIAC
quartus_eda --gen_testbench --check_outputs=on --tool=modelsim_oem --format=verilog 2018510033_osman_taha_gunes_DEUNIAC -c 2018510033_osman_taha_gunes_DEUNIAC --vector_source=C:/altera/13.0sp1/2018510033_osman_taha_gunes_DEUNIAC/lastvw.vwf --testbench_file=./simulation/qsim/2018510033_osman_taha_gunes_DEUNIAC.vt



